No secret token environment variable set
Unable to get OPENSHIFT_SECRET_TOKEN, using default
No secret token environment variable set
Unable to get OPENSHIFT_SECRET_TOKEN, using default
  [1m[36m (166.5ms)[0m  [1mCREATE TABLE "schema_migrations" ("version" varchar(255) NOT NULL) [0m
  [1m[35m (0.1ms)[0m  select sqlite_version(*)
  [1m[36m (154.2ms)[0m  [1mCREATE UNIQUE INDEX "unique_schema_migrations" ON "schema_migrations" ("version")[0m
  [1m[35mActiveRecord::SchemaMigration Load (0.2ms)[0m  SELECT "schema_migrations".* FROM "schema_migrations"
Migrating to CreatePeople (20160130141542)
  [1m[36m (0.1ms)[0m  [1mbegin transaction[0m
  [1m[35m (0.7ms)[0m  CREATE TABLE "people" ("id" INTEGER PRIMARY KEY AUTOINCREMENT NOT NULL, "name" varchar(255), "bio" text, "birthday" date, "created_at" datetime, "updated_at" datetime) 
  [1m[36mSQL (0.5ms)[0m  [1mINSERT INTO "schema_migrations" ("version") VALUES (?)[0m  [["version", "20160130141542"]]
  [1m[35m (182.3ms)[0m  commit transaction
  [1m[36mActiveRecord::SchemaMigration Load (0.1ms)[0m  [1mSELECT "schema_migrations".* FROM "schema_migrations"[0m
No secret token environment variable set
Unable to get OPENSHIFT_SECRET_TOKEN, using default
  [1m[36mActiveRecord::SchemaMigration Load (0.3ms)[0m  [1mSELECT "schema_migrations".* FROM "schema_migrations"[0m
Migrating to CreateEvents (20160130150721)
  [1m[35m (0.1ms)[0m  begin transaction
  [1m[36m (1.1ms)[0m  [1mCREATE TABLE "events" ("id" INTEGER PRIMARY KEY AUTOINCREMENT NOT NULL, "name" varchar(255), "description" text, "is_public" boolean, "capacity" integer, "created_at" datetime, "updated_at" datetime) [0m
  [1m[35mSQL (0.5ms)[0m  INSERT INTO "schema_migrations" ("version") VALUES (?)  [["version", "20160130150721"]]
  [1m[36m (234.2ms)[0m  [1mcommit transaction[0m
  [1m[35mActiveRecord::SchemaMigration Load (0.2ms)[0m  SELECT "schema_migrations".* FROM "schema_migrations"
  [1m[36m (0.1ms)[0m  [1mbegin transaction[0m
  [1m[35mSQL (1.4ms)[0m  INSERT INTO "events" ("capacity", "created_at", "description", "name", "updated_at") VALUES (?, ?, ?, ?, ?)  [["capacity", 20], ["created_at", "2016-01-30 15:09:48.282159"], ["description", "foobar"], ["name", "Ruby course"], ["updated_at", "2016-01-30 15:09:48.282159"]]
  [1m[36m (161.9ms)[0m  [1mcommit transaction[0m
  [1m[35m (0.1ms)[0m  begin transaction
  [1m[36mSQL (1.2ms)[0m  [1mINSERT INTO "events" ("created_at", "updated_at") VALUES (?, ?)[0m  [["created_at", "2016-01-30 15:10:23.885749"], ["updated_at", "2016-01-30 15:10:23.885749"]]
  [1m[35m (224.8ms)[0m  commit transaction
  [1m[36mEvent Load (0.7ms)[0m  [1mSELECT "events".* FROM "events"[0m
  [1m[35mEvent Load (0.4ms)[0m  SELECT  "events".* FROM "events"  WHERE "events"."capacity" = 20  ORDER BY "events"."id" ASC LIMIT 1
  [1m[36mEvent Load (0.3ms)[0m  [1mSELECT  "events".* FROM "events"  WHERE (capacity => 20)  ORDER BY id desc LIMIT 3[0m
SQLite3::SQLException: near ">": syntax error: SELECT  "events".* FROM "events"  WHERE (capacity => 20)  ORDER BY id desc LIMIT 3
  [1m[35mEvent Load (0.5ms)[0m  SELECT  "events".* FROM "events"  WHERE (capacity >= 20)  ORDER BY id desc LIMIT 3
  [1m[36mEvent Load (0.8ms)[0m  [1mSELECT  "events".* FROM "events"  WHERE "events"."id" = ? LIMIT 1[0m  [["id", 1]]
  [1m[35m (0.1ms)[0m  begin transaction
  [1m[36mSQL (1.1ms)[0m  [1mUPDATE "events" SET "is_public" = ?, "name" = ?, "updated_at" = ? WHERE "events"."id" = 1[0m  [["is_public", "f"], ["name", "abc"], ["updated_at", "2016-01-30 15:14:20.386631"]]
  [1m[35m (261.1ms)[0m  commit transaction
  [1m[36m (0.1ms)[0m  [1mbegin transaction[0m
  [1m[35mSQL (1.0ms)[0m  DELETE FROM "events" WHERE "events"."id" = ?  [["id", 1]]
  [1m[36m (223.5ms)[0m  [1mcommit transaction[0m
No secret token environment variable set
Unable to get OPENSHIFT_SECRET_TOKEN, using default
No secret token environment variable set
Unable to get OPENSHIFT_SECRET_TOKEN, using default
